Removed Pin From Net: NetName=+B1 Pin=J1-1
Removed Pin From Net: NetName=+B1 Pin=J1-1
Removed Pin From Net: NetName=+B1 Pin=J1-1
Removed Pin From Net: NetName=+B1 Pin=J1-1
Removed Pin From Net: NetName=+B1 Pin=J1-1
Removed Pin From Net: NetName=+B1 Pin=J1-1
Removed Pin From Net: NetName=+B1 Pin=J1-2
Removed Pin From Net: NetName=+B1 Pin=J1-2
Removed Pin From Net: NetName=+B1 Pin=J1-2
Removed Pin From Net: NetName=+B1 Pin=J1-2
Removed Pin From Net: NetName=+B1 Pin=J1-2
Removed Pin From Net: NetName=+B1 Pin=J1-2
Removed Pin From Net: NetName=+B2 Pin=J1-3
Removed Pin From Net: NetName=+B2 Pin=J1-3
Removed Pin From Net: NetName=+B2 Pin=J1-3
Removed Pin From Net: NetName=+B2 Pin=J1-3
Removed Pin From Net: NetName=+B2 Pin=J1-3
Removed Pin From Net: NetName=+B2 Pin=J1-3
Removed Pin From Net: NetName=+B2 Pin=J1-4
Removed Pin From Net: NetName=+B2 Pin=J1-4
Removed Pin From Net: NetName=+B2 Pin=J1-4
Removed Pin From Net: NetName=+B2 Pin=J1-4
Removed Pin From Net: NetName=+B2 Pin=J1-4
Removed Pin From Net: NetName=+B2 Pin=J1-4
Removed Pin From Net: NetName=BGND Pin=J1-7
Removed Pin From Net: NetName=BGND Pin=J1-7
Removed Pin From Net: NetName=BGND Pin=J1-7
Removed Pin From Net: NetName=BGND Pin=J1-7
Removed Pin From Net: NetName=BGND Pin=J1-7
Removed Pin From Net: NetName=BGND Pin=J1-7
Removed Pin From Net: NetName=BGND Pin=J1-8
Removed Pin From Net: NetName=BGND Pin=J1-8
Removed Pin From Net: NetName=BGND Pin=J1-8
Removed Pin From Net: NetName=BGND Pin=J1-8
Removed Pin From Net: NetName=BGND Pin=J1-8
Removed Pin From Net: NetName=BGND Pin=J1-8
Removed Pin From Net: NetName=GND Pin=J1-9
Removed Pin From Net: NetName=GND Pin=J1-9
Removed Pin From Net: NetName=GND Pin=J1-9
Removed Pin From Net: NetName=GND Pin=J1-9
Removed Pin From Net: NetName=GND Pin=J1-9
Removed Pin From Net: NetName=GND Pin=J1-9
Removed Pin From Net: NetName=GND Pin=J1-10
Removed Pin From Net: NetName=GND Pin=J1-10
Removed Pin From Net: NetName=GND Pin=J1-10
Removed Pin From Net: NetName=GND Pin=J1-10
Removed Pin From Net: NetName=GND Pin=J1-10
Removed Pin From Net: NetName=GND Pin=J1-10
Change Component Footprint: Designator=C1 Old Footprint=chip_0805 New Footprint=chip_0805
Change Component Footprint: Designator=C2 Old Footprint=chip_0805 New Footprint=chip_0805
Change Component Footprint: Designator=C4 Old Footprint=chip_0805 New Footprint=chip_0805
Change Component Footprint: Designator=C5 Old Footprint=chip_0805 New Footprint=chip_0805
Change Component Footprint: Designator=C6 Old Footprint=chip_0805 New Footprint=chip_0805
Change Component Footprint: Designator=C7 Old Footprint=chip_0805 New Footprint=chip_0805
Change Component Footprint: Designator=R5 Old Footprint=chip_0805 New Footprint=chip_0805
Change Component Footprint: Designator=R6 Old Footprint=chip_0805 New Footprint=chip_0805
Change Component Footprint: Designator=R7 Old Footprint=chip_0805 New Footprint=chip_0805
Change Component Footprint: Designator=R8 Old Footprint=chip_0805 New Footprint=chip_0805
Change Component Footprint: Designator=R9 Old Footprint=chip_0805 New Footprint=chip_0805
Change Component Footprint: Designator=R10 Old Footprint=chip_0805 New Footprint=chip_0805
Change Component Footprint: Designator=R11 Old Footprint=chip_0805 New Footprint=chip_0805
Change Component Footprint: Designator=R12 Old Footprint=chip_0805 New Footprint=chip_0805
Change Component Footprint: Designator=R13 Old Footprint=chip_0805 New Footprint=chip_0805
Change Component Footprint: Designator=R14 Old Footprint=chip_0805 New Footprint=chip_0805
Change Component Footprint: Designator=R15 Old Footprint=chip_0805 New Footprint=chip_0805
Change Component Footprint: Designator=R16 Old Footprint=chip_0805 New Footprint=chip_0805
Change Component Footprint: Designator=R17 Old Footprint=chip_0805 New Footprint=chip_0805
Change Component Footprint: Designator=R18 Old Footprint=chip_0805 New Footprint=chip_0805
Change Component Footprint: Designator=R19 Old Footprint=chip_0805 New Footprint=chip_0805
Change Component Footprint: Designator=R20 Old Footprint=chip_0805 New Footprint=chip_0805
Change Component Footprint: Designator=R21 Old Footprint=chip_0805 New Footprint=chip_0805
Change Component Footprint: Designator=R22 Old Footprint=chip_0805 New Footprint=chip_0805
Change Component Footprint: Designator=R23 Old Footprint=chip_0805 New Footprint=chip_0805
Change Component Footprint: Designator=R24 Old Footprint=chip_0805 New Footprint=chip_0805
Change Component Footprint: Designator=R25 Old Footprint=chip_0805 New Footprint=chip_0805
Change Component Footprint: Designator=R26 Old Footprint=chip_0805 New Footprint=chip_0805
Change Component Footprint: Designator=R27 Old Footprint=chip_0805 New Footprint=chip_0805
Change Component Footprint: Designator=R28 Old Footprint=chip_0805 New Footprint=chip_0805
Change Component Footprint: Designator=R29 Old Footprint=chip_0805 New Footprint=chip_0805
Change Component Footprint: Designator=R30 Old Footprint=chip_0805 New Footprint=chip_0805
Change Component Footprint: Designator=R31 Old Footprint=chip_0805 New Footprint=chip_0805
Change Component Footprint: Designator=R32 Old Footprint=chip_0805 New Footprint=chip_0805
Change Component Footprint: Designator=R33 Old Footprint=chip_0805 New Footprint=chip_0805
Change Component Footprint: Designator=R34 Old Footprint=chip_0805 New Footprint=chip_0805
Change Component Footprint: Designator=R35 Old Footprint=chip_0805 New Footprint=chip_0805
Change Component Footprint: Designator=C3 Old Footprint=chip_1206 New Footprint=chip_1206
Change Component Footprint: Designator=R1 Old Footprint=chip_1206 New Footprint=chip_1206
Change Component Footprint: Designator=R2 Old Footprint=chip_1206 New Footprint=chip_1206
Change Component Footprint: Designator=R3 Old Footprint=chip_1206 New Footprint=chip_1206
Change Component Footprint: Designator=R4 Old Footprint=chip_1206 New Footprint=chip_1206
Added Pin To Net: NetName=GND Pin=J1-1
Added Pin To Net: NetName=GND Pin=J1-1
Added Pin To Net: NetName=GND Pin=J1-1
Added Pin To Net: NetName=GND Pin=J1-1
Added Pin To Net: NetName=GND Pin=J1-1
Added Pin To Net: NetName=GND Pin=J1-1
Added Pin To Net: NetName=GND Pin=J1-2
Added Pin To Net: NetName=GND Pin=J1-2
Added Pin To Net: NetName=GND Pin=J1-2
Added Pin To Net: NetName=GND Pin=J1-2
Added Pin To Net: NetName=GND Pin=J1-2
Added Pin To Net: NetName=GND Pin=J1-2
Added Pin To Net: NetName=BGND Pin=J1-3
Added Pin To Net: NetName=BGND Pin=J1-3
Added Pin To Net: NetName=BGND Pin=J1-3
Added Pin To Net: NetName=BGND Pin=J1-3
Added Pin To Net: NetName=BGND Pin=J1-3
Added Pin To Net: NetName=BGND Pin=J1-3
Added Pin To Net: NetName=BGND Pin=J1-4
Added Pin To Net: NetName=BGND Pin=J1-4
Added Pin To Net: NetName=BGND Pin=J1-4
Added Pin To Net: NetName=BGND Pin=J1-4
Added Pin To Net: NetName=BGND Pin=J1-4
Added Pin To Net: NetName=BGND Pin=J1-4
Added Pin To Net: NetName=+B2 Pin=J1-7
Added Pin To Net: NetName=+B2 Pin=J1-7
Added Pin To Net: NetName=+B2 Pin=J1-7
Added Pin To Net: NetName=+B2 Pin=J1-7
Added Pin To Net: NetName=+B2 Pin=J1-7
Added Pin To Net: NetName=+B2 Pin=J1-7
Added Pin To Net: NetName=+B2 Pin=J1-8
Added Pin To Net: NetName=+B2 Pin=J1-8
Added Pin To Net: NetName=+B2 Pin=J1-8
Added Pin To Net: NetName=+B2 Pin=J1-8
Added Pin To Net: NetName=+B2 Pin=J1-8
Added Pin To Net: NetName=+B2 Pin=J1-8
Added Pin To Net: NetName=+B1 Pin=J1-9
Added Pin To Net: NetName=+B1 Pin=J1-9
Added Pin To Net: NetName=+B1 Pin=J1-9
Added Pin To Net: NetName=+B1 Pin=J1-9
Added Pin To Net: NetName=+B1 Pin=J1-9
Added Pin To Net: NetName=+B1 Pin=J1-9
Added Pin To Net: NetName=+B1 Pin=J1-10
Added Pin To Net: NetName=+B1 Pin=J1-10
Added Pin To Net: NetName=+B1 Pin=J1-10
Added Pin To Net: NetName=+B1 Pin=J1-10
Added Pin To Net: NetName=+B1 Pin=J1-10
Added Pin To Net: NetName=+B1 Pin=J1-10
