Change Component Footprint: Designator=C14 Old Footprint=chip_0805 New Footprint=chip_0805
Change Component Footprint: Designator=C15 Old Footprint=chip_0805 New Footprint=chip_0805
Change Component Footprint: Designator=R39 Old Footprint=chip_0805 New Footprint=chip_0805
Added Component: Designator=C20(CP_RADIAL_D16.0_P7.5_H27.0)
Add component (AddParameter): Name = "Capacitance"; Value = "220uF"; VariantName = "[No Variations]"
Add component (AddParameter): Name = "Cost"; Value = "$1.74"; VariantName = "[No Variations]"
Add component (AddParameter): Name = "Manufacturer"; Value = "Nichicon"; VariantName = "[No Variations]"
Add component (AddParameter): Name = "Manufacturer PN"; Value = "UCS2C221MHD1TN"; VariantName = "[No Variations]"
Add component (AddParameter): Name = "Part Number"; Value = "CAP-00569"; VariantName = "[No Variations]"
Add component (AddParameter): Name = "Tolerance"; Value = "±20%"; VariantName = "[No Variations]"
Add component (AddParameter): Name = "Type"; Value = "Al"; VariantName = "[No Variations]"
Add component (AddParameter): Name = "Voltage Rating"; Value = "160V"; VariantName = "[No Variations]"
Added Component: Designator=C21(CP_RADIAL_D16.0_P7.5_H27.0)
Add component (AddParameter): Name = "Capacitance"; Value = "220uF"; VariantName = "[No Variations]"
Add component (AddParameter): Name = "Cost"; Value = "$1.74"; VariantName = "[No Variations]"
Add component (AddParameter): Name = "Manufacturer"; Value = "Nichicon"; VariantName = "[No Variations]"
Add component (AddParameter): Name = "Manufacturer PN"; Value = "UCS2C221MHD1TN"; VariantName = "[No Variations]"
Add component (AddParameter): Name = "Part Number"; Value = "CAP-00569"; VariantName = "[No Variations]"
Add component (AddParameter): Name = "Tolerance"; Value = "±20%"; VariantName = "[No Variations]"
Add component (AddParameter): Name = "Type"; Value = "Al"; VariantName = "[No Variations]"
Add component (AddParameter): Name = "Voltage Rating"; Value = "160V"; VariantName = "[No Variations]"
Added Component: Designator=C22(CP_RADIAL_D16.0_P7.5_H27.0)
Add component (AddParameter): Name = "Capacitance"; Value = "220uF"; VariantName = "[No Variations]"
Add component (AddParameter): Name = "Cost"; Value = "$1.74"; VariantName = "[No Variations]"
Add component (AddParameter): Name = "Manufacturer"; Value = "Nichicon"; VariantName = "[No Variations]"
Add component (AddParameter): Name = "Manufacturer PN"; Value = "UCS2C221MHD1TN"; VariantName = "[No Variations]"
Add component (AddParameter): Name = "Part Number"; Value = "CAP-00569"; VariantName = "[No Variations]"
Add component (AddParameter): Name = "Tolerance"; Value = "±20%"; VariantName = "[No Variations]"
Add component (AddParameter): Name = "Type"; Value = "Al"; VariantName = "[No Variations]"
Add component (AddParameter): Name = "Voltage Rating"; Value = "160V"; VariantName = "[No Variations]"
Added Component: Designator=C23(CP_RADIAL_D16.0_P7.5_H27.0)
Add component (AddParameter): Name = "Capacitance"; Value = "220uF"; VariantName = "[No Variations]"
Add component (AddParameter): Name = "Cost"; Value = "$1.74"; VariantName = "[No Variations]"
Add component (AddParameter): Name = "Manufacturer"; Value = "Nichicon"; VariantName = "[No Variations]"
Add component (AddParameter): Name = "Manufacturer PN"; Value = "UCS2C221MHD1TN"; VariantName = "[No Variations]"
Add component (AddParameter): Name = "Part Number"; Value = "CAP-00569"; VariantName = "[No Variations]"
Add component (AddParameter): Name = "Tolerance"; Value = "±20%"; VariantName = "[No Variations]"
Add component (AddParameter): Name = "Type"; Value = "Al"; VariantName = "[No Variations]"
Add component (AddParameter): Name = "Voltage Rating"; Value = "160V"; VariantName = "[No Variations]"
Added Component: Designator=C24(CP_RADIAL_D16.0_P7.5_H27.0)
Add component (AddParameter): Name = "Capacitance"; Value = "220uF"; VariantName = "[No Variations]"
Add component (AddParameter): Name = "Cost"; Value = "$1.74"; VariantName = "[No Variations]"
Add component (AddParameter): Name = "Manufacturer"; Value = "Nichicon"; VariantName = "[No Variations]"
Add component (AddParameter): Name = "Manufacturer PN"; Value = "UCS2C221MHD1TN"; VariantName = "[No Variations]"
Add component (AddParameter): Name = "Part Number"; Value = "CAP-00569"; VariantName = "[No Variations]"
Add component (AddParameter): Name = "Tolerance"; Value = "±20%"; VariantName = "[No Variations]"
Add component (AddParameter): Name = "Type"; Value = "Al"; VariantName = "[No Variations]"
Add component (AddParameter): Name = "Voltage Rating"; Value = "160V"; VariantName = "[No Variations]"
Added Component: Designator=D21(do-214ac)
Add component (AddParameter): Name = "Cost"; Value = "1.2"; VariantName = "[No Variations]"
Add component (AddParameter): Name = "Current Rating"; Value = "66A"; VariantName = "[No Variations]"
Add component (AddParameter): Name = "Distributor Link"; Value = "https://www.digikey.com/en/products/detail/stmicroelectronics/SMC30J28CA/2826980"; VariantName = "[No Variations]"
Add component (AddParameter): Name = "Manufacturer"; Value = "ST"; VariantName = "[No Variations]"
Add component (AddParameter): Name = "Manufacturer PN"; Value = "SMC30J28CA"; VariantName = "[No Variations]"
Add component (AddParameter): Name = "Part Number"; Value = "DIO-00090"; VariantName = "[No Variations]"
Add component (AddParameter): Name = "Power Rating"; Value = "3000W"; VariantName = "[No Variations]"
Add component (AddParameter): Name = "Reverse Breakdown Voltage"; Value = "31.1V"; VariantName = "[No Variations]"
Add component (AddParameter): Name = "Type"; Value = "TVS"; VariantName = "[No Variations]"
Added Component: Designator=D22(do-214ac)
Add component (AddParameter): Name = "Cost"; Value = "1.2"; VariantName = "[No Variations]"
Add component (AddParameter): Name = "Current Rating"; Value = "66A"; VariantName = "[No Variations]"
Add component (AddParameter): Name = "Distributor Link"; Value = "https://www.digikey.com/en/products/detail/stmicroelectronics/SMC30J28CA/2826980"; VariantName = "[No Variations]"
Add component (AddParameter): Name = "Manufacturer"; Value = "ST"; VariantName = "[No Variations]"
Add component (AddParameter): Name = "Manufacturer PN"; Value = "SMC30J28CA"; VariantName = "[No Variations]"
Add component (AddParameter): Name = "Part Number"; Value = "DIO-00090"; VariantName = "[No Variations]"
Add component (AddParameter): Name = "Power Rating"; Value = "3000W"; VariantName = "[No Variations]"
Add component (AddParameter): Name = "Reverse Breakdown Voltage"; Value = "31.1V"; VariantName = "[No Variations]"
Add component (AddParameter): Name = "Type"; Value = "TVS"; VariantName = "[No Variations]"
Added Pin To Net: NetName=+24V Pin=C20-1
Added Pin To Net: NetName=GND Pin=C20-2
Added Pin To Net: NetName=+24V Pin=C21-1
Added Pin To Net: NetName=GND Pin=C21-2
Added Pin To Net: NetName=+24V Pin=C22-1
Added Pin To Net: NetName=GND Pin=C22-2
Added Pin To Net: NetName=+24V Pin=C23-1
Added Pin To Net: NetName=GND Pin=C23-2
Added Pin To Net: NetName=+24V Pin=C24-1
Added Pin To Net: NetName=GND Pin=C24-2
Added Pin To Net: NetName=GND Pin=D21-1
Added Pin To Net: NetName=+24_OUT Pin=D21-2
Added Pin To Net: NetName=GND Pin=D22-1
Added Pin To Net: NetName=+24V Pin=D22-2
Added Member To Class: ClassName=SCH2_Switching Member=Component C20 220uF
Added Member To Class: ClassName=SCH2_Switching Member=Component C21 220uF
Added Member To Class: ClassName=SCH2_Switching Member=Component C22 220uF
Added Member To Class: ClassName=SCH2_Switching Member=Component C23 220uF
Added Member To Class: ClassName=SCH2_Switching Member=Component C24 220uF
Added Member To Class: ClassName=SCH1_Connectors Member=Component D21 diode_5
Added Member To Class: ClassName=SCH2_Switching Member=Component D22 diode_5
