Added Component: Designator=R46(chip_0805)
Add component (AddParameter): Name = "Cost"; Value = "0.1"; VariantName = "[No Variations]"
Add component (AddParameter): Name = "Manufacturer"; Value = "Yageo"; VariantName = "[No Variations]"
Add component (AddParameter): Name = "Manufacturer PN"; Value = "RC0805FR-0768KL"; VariantName = "[No Variations]"
Add component (AddParameter): Name = "Part Number"; Value = "RES-00724"; VariantName = "[No Variations]"
Add component (AddParameter): Name = "Power Rating"; Value = "1/8W"; VariantName = "[No Variations]"
Add component (AddParameter): Name = "Resistance"; Value = "68k"; VariantName = "[No Variations]"
Add component (AddParameter): Name = "Tolerance"; Value = "1%"; VariantName = "[No Variations]"
Added Component: Designator=R47(chip_0805)
Add component (AddParameter): Name = "Manufacturer"; Value = "Rohm Semiconductor"; VariantName = "[No Variations]"
Add component (AddParameter): Name = "Manufacturer PN"; Value = "KTR10EZPF1002"; VariantName = "[No Variations]"
Add component (AddParameter): Name = "Part Number"; Value = "RES-00307"; VariantName = "[No Variations]"
Add component (AddParameter): Name = "Power Rating"; Value = "0.125W"; VariantName = "[No Variations]"
Add component (AddParameter): Name = "Resistance"; Value = "10k"; VariantName = "[No Variations]"
Add component (AddParameter): Name = "Tolerance"; Value = "1%"; VariantName = "[No Variations]"
Added Pin To Net: NetName=+24V Pin=R46-1
Added Pin To Net: NetName=GND Pin=R47-2
Added Pin To Net: NetName=24V_SNS Pin=R46-2
Added Pin To Net: NetName=24V_SNS Pin=R47-1
Added Pin To Net: NetName=24V_SNS Pin=U8-10
Added Net: Name=24V_SNS
Added Member To Class: ClassName=SCH3_Microcontroller Member=Component R46 68k
Added Member To Class: ClassName=SCH3_Microcontroller Member=Component R47 10k
